<?xml version="1.0" encoding="UTF-8"?>
<testsuite xmlns:xsi="http://www.w3.org/2001/XMLSchema-instance" xsi:noNamespaceSchemaLocation="https://maven.apache.org/surefire/maven-surefire-plugin/xsd/surefire-test-report.xsd" version="3.0.2" name="com.insertcoin.concertapi.ConcertBackendApplicationTests" time="4.69" tests="1" errors="0" skipped="0" failures="0" flakes="0">
  <properties>
[...]
</properties>
  <testcase name="contextLoads" classname="com.insertcoin.concertapi.ConcertBackendApplicationTests" time="0.282">
    <system-out><![CDATA[12:56:52.874 [main] INFO org.springframework.test.context.support.AnnotationConfigContextLoaderUtils -- Could not detect default configuration classes for test class [com.insertcoin.concertapi.ConcertBackendApplicationTests]: ConcertBackendApplicationTests does not declare any static, non-private, non-final, nested classes annotated with @Configuration.
12:56:52.981 [main] INFO org.springframework.boot.test.context.SpringBootTestContextBootstrapper -- Found @SpringBootConfiguration com.insertcoin.concertapi.ConcertBackendApplication for test class com.insertcoin.concertapi.ConcertBackendApplicationTests

  .   ____          _            __ _ _
 /\\ / ___'_ __ _ _(_)_ __  __ _ \ \ \ \
( ( )\___ | '_ | '_| | '_ \/ _` | \ \ \ \
 \\/  ___)| |_)| | | | | || (_| |  ) ) ) )
  '  |____| .__|_| |_|_| |_\__, | / / / /
 =========|_|==============|___/=/_/_/_/

 :: Spring Boot ::               (v3.5.14)

2026-05-27T12:56:53.404+02:00  INFO 27104 --- [concert-backend] [           main] c.i.c.ConcertBackendApplicationTests     : Starting ConcertBackendApplicationTests using Java 21 with PID 27104 (started by danie in C:\fpdual\Insert-Coin-Test\backend\concert-backend)
2026-05-27T12:56:53.405+02:00  INFO 27104 --- [concert-backend] [           main] c.i.c.ConcertBackendApplicationTests     : No active profile set, falling back to 1 default profile: "default"
2026-05-27T12:56:54.205+02:00  INFO 27104 --- [concert-backend] [           main] .s.d.r.c.RepositoryConfigurationDelegate : Bootstrapping Spring Data JPA repositories in DEFAULT mode.
2026-05-27T12:56:54.269+02:00  INFO 27104 --- [concert-backend] [           main] .s.d.r.c.RepositoryConfigurationDelegate : Finished Spring Data repository scanning in 53 ms. Found 2 JPA repository interfaces.
2026-05-27T12:56:54.686+02:00  INFO 27104 --- [concert-backend] [           main] o.hibernate.jpa.internal.util.LogHelper  : HHH000204: Processing PersistenceUnitInfo [name: default]
2026-05-27T12:56:54.746+02:00  INFO 27104 --- [concert-backend] [           main] org.hibernate.Version                    : HHH000412: Hibernate ORM core version 6.6.49.Final
2026-05-27T12:56:54.781+02:00  INFO 27104 --- [concert-backend] [           main] o.h.c.internal.RegionFactoryInitiator    : HHH000026: Second-level cache disabled
2026-05-27T12:56:55.105+02:00  INFO 27104 --- [concert-backend] [           main] o.s.o.j.p.SpringPersistenceUnitInfo      : No LoadTimeWeaver setup: ignoring JPA class transformer
2026-05-27T12:56:55.131+02:00  INFO 27104 --- [concert-backend] [           main] com.zaxxer.hikari.HikariDataSource       : HikariPool-1 - Starting...
2026-05-27T12:56:55.266+02:00  INFO 27104 --- [concert-backend] [           main] com.zaxxer.hikari.pool.HikariPool        : HikariPool-1 - Added connection conn0: url=jdbc:h2:mem:concertdb user=SA
2026-05-27T12:56:55.267+02:00  INFO 27104 --- [concert-backend] [           main] com.zaxxer.hikari.HikariDataSource       : HikariPool-1 - Start completed.
2026-05-27T12:56:55.315+02:00  INFO 27104 --- [concert-backend] [           main] org.hibernate.orm.connections.pooling    : HHH10001005: Database info:
	Database JDBC URL [Connecting through datasource 'HikariDataSource (HikariPool-1)']
	Database driver: undefined/unknown
	Database version: 2.3.232
	Autocommit mode: undefined/unknown
	Isolation level: undefined/unknown
	Minimum pool size: undefined/unknown
	Maximum pool size: undefined/unknown
2026-05-27T12:56:56.007+02:00  INFO 27104 --- [concert-backend] [           main] o.h.e.t.j.p.i.JtaPlatformInitiator       : HHH000489: No JTA platform available (set 'hibernate.transaction.jta.platform' to enable JTA platform integration)
Hibernate: 
    create table attendees (
        id bigint generated by default as identity,
        email varchar(255) not null,
        first_name varchar(255) not null,
        last_name varchar(255) not null,
        tickets_purchased integer not null,
        concert_id bigint not null,
        primary key (id)
    )
Hibernate: 
    create table concerts (
        id bigint generated by default as identity,
        artist varchar(255) not null,
        available_tickets integer not null,
        concert_date timestamp(6) not null,
        name varchar(255) not null,
        venue varchar(255) not null,
        primary key (id)
    )
Hibernate: 
    alter table if exists attendees 
       drop constraint if exists UK4r1a8ky1odn0pxhikdm4ftlri
Hibernate: 
    alter table if exists attendees 
       add constraint UK4r1a8ky1odn0pxhikdm4ftlri unique (email)
Hibernate: 
    alter table if exists attendees 
       add constraint FK8mde3i83m0id0773w5fnp47tb 
       foreign key (concert_id) 
       references concerts
2026-05-27T12:56:56.082+02:00  INFO 27104 --- [concert-backend] [           main] j.LocalContainerEntityManagerFactoryBean : Initialized JPA EntityManagerFactory for persistence unit 'default'
2026-05-27T12:56:56.515+02:00  WARN 27104 --- [concert-backend] [           main] JpaBaseConfiguration$JpaWebConfiguration : spring.jpa.open-in-view is enabled by default. Therefore, database queries may be performed during view rendering. Explicitly configure spring.jpa.open-in-view to disable this warning
2026-05-27T12:56:56.795+02:00  INFO 27104 --- [concert-backend] [           main] o.s.b.a.h2.H2ConsoleAutoConfiguration    : H2 console available at '/h2-console'. Database available at 'jdbc:h2:mem:concertdb'
2026-05-27T12:56:56.848+02:00  INFO 27104 --- [concert-backend] [           main] c.i.c.ConcertBackendApplicationTests     : Started ConcertBackendApplicationTests in 3.726 seconds (process running for 4.586)
Hibernate: 
    select
        count(*) 
    from
        concerts c1_0
Hibernate: 
    insert 
    into
        concerts
        (artist, available_tickets, concert_date, name, venue, id) 
    values
        (?, ?, ?, ?, ?, default)
Hibernate: 
    insert 
    into
        attendees
        (concert_id, email, first_name, last_name, tickets_purchased, id) 
    values
        (?, ?, ?, ?, ?, default)
Hibernate: 
    insert 
    into
        attendees
        (concert_id, email, first_name, last_name, tickets_purchased, id) 
    values
        (?, ?, ?, ?, ?, default)
Hibernate: 
    insert 
    into
        concerts
        (artist, available_tickets, concert_date, name, venue, id) 
    values
        (?, ?, ?, ?, ?, default)
Hibernate: 
    insert 
    into
        attendees
        (concert_id, email, first_name, last_name, tickets_purchased, id) 
    values
        (?, ?, ?, ?, ?, default)
Hibernate: 
    insert 
    into
        attendees
        (concert_id, email, first_name, last_name, tickets_purchased, id) 
    values
        (?, ?, ?, ?, ?, default)
]]></system-out>
    <system-err><![CDATA[Mockito is currently self-attaching to enable the inline-mock-maker. This will no longer work in future releases of the JDK. Please add Mockito as an agent to your build as described in Mockito's documentation: https://javadoc.io/doc/org.mockito/mockito-core/latest/org.mockito/org/mockito/Mockito.html#0.3
WARNING: A Java agent has been loaded dynamically (C:\Users\danie\.m2\repository\net\bytebuddy\byte-buddy-agent\1.17.8\byte-buddy-agent-1.17.8.jar)
WARNING: If a serviceability tool is in use, please run with -XX:+EnableDynamicAgentLoading to hide this warning
WARNING: If a serviceability tool is not in use, please run with -Djdk.instrument.traceUsage for more information
WARNING: Dynamic loading of agents will be disallowed by default in a future release
]]></system-err>
  </testcase>
</testsuite>